
Трям!!!
Путь до файла:
C:\www\Py\Netology\decorators\LOG\INFO.log
** [INFO] — 2022-08-30 время 20-05-23
Вызвана функция new_post с аргументами: (), {}.
Результат: ['2022-08-30, 17:31 - [Cloud levels](https://habr.com/ru/company/otus/blog/685482/) | дизайн', '2022-08-30, 16:32 - [Как перестать быть сутулой собакой: мой путь к здоровой спине](https://habr.com/ru/company/kts/blog/685462/) | фото', '2022-08-30, 15:56 - [Apache Superset. Первый взгляд на BI инструмент. Часть 2](https://habr.com/ru/post/685436/) | дизайн', '2022-08-30, 15:36 - [Note&Noty — первое приложение на Android](https://habr.com/ru/post/685440/) | дизайн', '2022-08-30, 15:23 - [Видео в вебе, Browser Policy и палки в колёсах](https://habr.com/ru/company/ozontech/blog/684856/) | дизайн', '2022-08-30, 13:53 - [Как и сколько платить копирайтерам, редакторам и главредам, чтобы они не сбежали при первом оффере со стороны](https://habr.com/ru/post/685404/) | дизайн', '2022-08-30, 13:13 - [Как и почему перешли с Python на Go в основном сервисе рекомендаций Авито](https://habr.com/ru/company/avito/blog/679560/) | python', '2022-08-30, 13:06 - [Можно, но лучше не стоит: разбираемся в связях между объектами, функциями, генераторами и сопрограммами](https://habr.com/ru/post/685396/) | ненормальное программирование \\* | python \\*', '2022-08-30, 12:00 - [Правим QEMU железным кулаком](https://habr.com/ru/company/ruvds/blog/684300/) | web']
========================================================================================

Трям!!!
Путь до файла:
C:\www\Py\Netology\decorators\LOG\INFO.log
** [INFO] — 2022-08-30 время 20-05-57
Вызвана функция summa с аргументами: (78, 87), {}.
Результат: 165
========================================================================================

Трям!!!
Путь до файла:
C:\www\Py\Netology\decorators\LOG\INFO.log
** [INFO] — 2022-08-30 время 20-05-57
Вызвана функция new_post с аргументами: (), {}.
Результат: ['2022-08-30, 17:31 - [Cloud levels](https://habr.com/ru/company/otus/blog/685482/) | дизайн', '2022-08-30, 16:32 - [Как перестать быть сутулой собакой: мой путь к здоровой спине](https://habr.com/ru/company/kts/blog/685462/) | фото', '2022-08-30, 15:56 - [Apache Superset. Первый взгляд на BI инструмент. Часть 2](https://habr.com/ru/post/685436/) | дизайн', '2022-08-30, 15:36 - [Note&Noty — первое приложение на Android](https://habr.com/ru/post/685440/) | дизайн', '2022-08-30, 15:23 - [Видео в вебе, Browser Policy и палки в колёсах](https://habr.com/ru/company/ozontech/blog/684856/) | дизайн', '2022-08-30, 13:53 - [Как и сколько платить копирайтерам, редакторам и главредам, чтобы они не сбежали при первом оффере со стороны](https://habr.com/ru/post/685404/) | дизайн', '2022-08-30, 13:13 - [Как и почему перешли с Python на Go в основном сервисе рекомендаций Авито](https://habr.com/ru/company/avito/blog/679560/) | python', '2022-08-30, 13:06 - [Можно, но лучше не стоит: разбираемся в связях между объектами, функциями, генераторами и сопрограммами](https://habr.com/ru/post/685396/) | ненормальное программирование \\* | python \\*', '2022-08-30, 12:00 - [Правим QEMU железным кулаком](https://habr.com/ru/company/ruvds/blog/684300/) | web']
========================================================================================
